<?xml version="1.0" encoding="UTF-8" ?>
<testsuite failures="0" time="1.116" errors="0" skipped="0" tests="2" name="org.adorsys.xlseasy.cbe.SpreadsheetServiceImplTest">
  <properties>
    <property name="java.runtime.name" value="Java(TM) SE Runtime Environment"/>
    <property name="sun.boot.library.path" value="/System/Library/Java/JavaVirtualMachines/1.6.0.jdk/Contents/Libraries"/>
    <property name="java.vm.version" value="20.45-b01-451"/>
    <property name="awt.nativeDoubleBuffering" value="true"/>
    <property name="gopherProxySet" value="false"/>
    <property name="mrj.build" value="11M4406"/>
    <property name="java.vm.vendor" value="Apple Inc."/>
    <property name="java.vendor.url" value="http://www.apple.com/"/>
    <property name="path.separator" value=":"/>
    <property name="java.vm.name" value="Java HotSpot(TM) 64-Bit Server VM"/>
    <property name="file.encoding.pkg" value="sun.io"/>
    <property name="user.country" value="US"/>
    <property name="sun.java.launcher" value="SUN_STANDARD"/>
    <property name="sun.os.patch.level" value="unknown"/>
    <property name="java.vm.specification.name" value="Java Virtual Machine Specification"/>
    <property name="user.dir" value="/Users/mariusguede/xlseasy/xlseasy/xlseasy.cbe"/>
    <property name="java.runtime.version" value="1.6.0_45-b06-451-11M4406"/>
    <property name="java.awt.graphicsenv" value="apple.awt.CGraphicsEnvironment"/>
    <property name="basedir" value="/Users/mariusguede/xlseasy/xlseasy/xlseasy.cbe"/>
    <property name="java.endorsed.dirs" value="/System/Library/Java/JavaVirtualMachines/1.6.0.jdk/Contents/Home/lib/endorsed"/>
    <property name="os.arch" value="x86_64"/>
    <property name="surefire.real.class.path" value="/Users/mariusguede/xlseasy/xlseasy/xlseasy.cbe/target/surefire/surefirebooter2936447933779621044.jar"/>
    <property name="java.io.tmpdir" value="/var/folders/zg/zdzp7cnn25jbf4s1ds3clfqh0000gn/T/"/>
    <property name="line.separator" value="
"/>
    <property name="java.vm.specification.vendor" value="Sun Microsystems Inc."/>
    <property name="os.name" value="Mac OS X"/>
    <property name="sun.jnu.encoding" value="MacRoman"/>
    <property name="java.library.path" value=".:/Library/Java/Extensions:/System/Library/Java/Extensions:/usr/lib/java"/>
    <property name="surefire.test.class.path" value="/Users/mariusguede/xlseasy/xlseasy/xlseasy.cbe/target/test-classes:/Users/mariusguede/xlseasy/xlseasy/xlseasy.cbe/target/classes:/Users/mariusguede/xlseasy/xlseasy/xlseasy.api/target/xlseasy.api-1.3-CR6-SNAPSHOT.jar:/Users/mariusguede/xlseasy/xlseasy/xlseasy.impl/target/xlseasy.impl-1.3-CR6-SNAPSHOT.jar:/Users/mariusguede/.m2/repository/org/apache/poi/poi/3.6/poi-3.6.jar:/Users/mariusguede/.m2/repository/commons-logging/commons-logging/1.1/commons-logging-1.1.jar:/Users/mariusguede/.m2/repository/logkit/logkit/1.0.1/logkit-1.0.1.jar:/Users/mariusguede/.m2/repository/avalon-framework/avalon-framework/4.1.3/avalon-framework-4.1.3.jar:/Users/mariusguede/.m2/repository/javax/servlet/servlet-api/2.3/servlet-api-2.3.jar:/Users/mariusguede/.m2/repository/log4j/log4j/1.2.13/log4j-1.2.13.jar:/Users/mariusguede/.m2/repository/commons-beanutils/commons-beanutils/1.8.0/commons-beanutils-1.8.0.jar:/Users/mariusguede/.m2/repository/commons-lang/commons-lang/2.4/commons-lang-2.4.jar:/Users/mariusguede/.m2/repository/junit/junit/4.4/junit-4.4.jar:"/>
    <property name="java.specification.name" value="Java Platform API Specification"/>
    <property name="java.class.version" value="50.0"/>
    <property name="sun.management.compiler" value="HotSpot 64-Bit Tiered Compilers"/>
    <property name="os.version" value="10.8.3"/>
    <property name="http.nonProxyHosts" value="local|*.local|169.254/16|*.169.254/16"/>
    <property name="user.home" value="/Users/mariusguede"/>
    <property name="user.timezone" value="Europe/Berlin"/>
    <property name="java.awt.printerjob" value="apple.awt.CPrinterJob"/>
    <property name="java.specification.version" value="1.6"/>
    <property name="file.encoding" value="MacRoman"/>
    <property name="user.name" value="mariusguede"/>
    <property name="java.class.path" value="/Users/mariusguede/xlseasy/xlseasy/xlseasy.cbe/target/test-classes:/Users/mariusguede/xlseasy/xlseasy/xlseasy.cbe/target/classes:/Users/mariusguede/xlseasy/xlseasy/xlseasy.api/target/xlseasy.api-1.3-CR6-SNAPSHOT.jar:/Users/mariusguede/xlseasy/xlseasy/xlseasy.impl/target/xlseasy.impl-1.3-CR6-SNAPSHOT.jar:/Users/mariusguede/.m2/repository/org/apache/poi/poi/3.6/poi-3.6.jar:/Users/mariusguede/.m2/repository/commons-logging/commons-logging/1.1/commons-logging-1.1.jar:/Users/mariusguede/.m2/repository/logkit/logkit/1.0.1/logkit-1.0.1.jar:/Users/mariusguede/.m2/repository/avalon-framework/avalon-framework/4.1.3/avalon-framework-4.1.3.jar:/Users/mariusguede/.m2/repository/javax/servlet/servlet-api/2.3/servlet-api-2.3.jar:/Users/mariusguede/.m2/repository/log4j/log4j/1.2.13/log4j-1.2.13.jar:/Users/mariusguede/.m2/repository/commons-beanutils/commons-beanutils/1.8.0/commons-beanutils-1.8.0.jar:/Users/mariusguede/.m2/repository/commons-lang/commons-lang/2.4/commons-lang-2.4.jar:/Users/mariusguede/.m2/repository/junit/junit/4.4/junit-4.4.jar:"/>
    <property name="java.vm.specification.version" value="1.0"/>
    <property name="sun.arch.data.model" value="64"/>
    <property name="java.home" value="/System/Library/Java/JavaVirtualMachines/1.6.0.jdk/Contents/Home"/>
    <property name="sun.java.command" value="/Users/mariusguede/xlseasy/xlseasy/xlseasy.cbe/target/surefire/surefirebooter2936447933779621044.jar /Users/mariusguede/xlseasy/xlseasy/xlseasy.cbe/target/surefire/surefire8605364807588201388tmp /Users/mariusguede/xlseasy/xlseasy/xlseasy.cbe/target/surefire/surefire8482949083928212840tmp"/>
    <property name="java.specification.vendor" value="Sun Microsystems Inc."/>
    <property name="user.language" value="en"/>
    <property name="awt.toolkit" value="apple.awt.CToolkit"/>
    <property name="java.vm.info" value="mixed mode"/>
    <property name="java.version" value="1.6.0_45"/>
    <property name="java.ext.dirs" value="/Library/Java/Extensions:/System/Library/Java/Extensions:/System/Library/Java/JavaVirtualMachines/1.6.0.jdk/Contents/Home/lib/ext"/>
    <property name="sun.boot.class.path" value="/System/Library/Java/JavaVirtualMachines/1.6.0.jdk/Contents/Classes/jsfd.jar:/System/Library/Java/JavaVirtualMachines/1.6.0.jdk/Contents/Classes/classes.jar:/System/Library/Frameworks/JavaVM.framework/Frameworks/JavaRuntimeSupport.framework/Resources/Java/JavaRuntimeSupport.jar:/System/Library/Java/JavaVirtualMachines/1.6.0.jdk/Contents/Classes/ui.jar:/System/Library/Java/JavaVirtualMachines/1.6.0.jdk/Contents/Classes/laf.jar:/System/Library/Java/JavaVirtualMachines/1.6.0.jdk/Contents/Classes/sunrsasign.jar:/System/Library/Java/JavaVirtualMachines/1.6.0.jdk/Contents/Classes/jsse.jar:/System/Library/Java/JavaVirtualMachines/1.6.0.jdk/Contents/Classes/jce.jar:/System/Library/Java/JavaVirtualMachines/1.6.0.jdk/Contents/Classes/charsets.jar"/>
    <property name="java.vendor" value="Apple Inc."/>
    <property name="localRepository" value="/Users/mariusguede/.m2/repository"/>
    <property name="file.separator" value="/"/>
    <property name="java.vendor.url.bug" value="http://bugreport.apple.com/"/>
    <property name="sun.cpu.endian" value="little"/>
    <property name="sun.io.unicode.encoding" value="UnicodeLittle"/>
    <property name="mrj.version" value="1070.1.6.0_45-451"/>
    <property name="socksNonProxyHosts" value="local|*.local|169.254/16|*.169.254/16"/>
    <property name="ftp.nonProxyHosts" value="local|*.local|169.254/16|*.169.254/16"/>
    <property name="sun.cpu.isalist" value=""/>
  </properties>
  <testcase time="0.363" classname="org.adorsys.xlseasy.cbe.SpreadsheetServiceImplTest" name="testLoadSpreadsheet"/>
  <testcase time="0.714" classname="org.adorsys.xlseasy.cbe.SpreadsheetServiceImplTest" name="testSaveSpreadsheet"/>
</testsuite>