<?xml version="1.0" encoding="UTF-8" ?>
<testsuite failures="0" time="1.709" errors="1" skipped="0" tests="2" name="org.adorsys.saturn.spreadsheet.test.SpreadsheetServiceImplTest">
  <properties>
    <property name="java.runtime.name" value="Java(TM) SE Runtime Environment"/>
    <property name="sun.boot.library.path" value="/System/Library/Java/JavaVirtualMachines/1.6.0.jdk/Contents/Libraries"/>
    <property name="java.vm.version" value="20.45-b01-451"/>
    <property name="awt.nativeDoubleBuffering" value="true"/>
    <property name="gopherProxySet" value="false"/>
    <property name="mrj.build" value="11M4406"/>
    <property name="java.vm.vendor" value="Apple Inc."/>
    <property name="java.vendor.url" value="http://www.apple.com/"/>
    <property name="path.separator" value=":"/>
    <property name="java.vm.name" value="Java HotSpot(TM) 64-Bit Server VM"/>
    <property name="file.encoding.pkg" value="sun.io"/>
    <property name="user.country" value="US"/>
    <property name="sun.java.launcher" value="SUN_STANDARD"/>
    <property name="sun.os.patch.level" value="unknown"/>
    <property name="java.vm.specification.name" value="Java Virtual Machine Specification"/>
    <property name="user.dir" value="/Users/mariusguede/xlseasy/xlseasy/xlseasy.impl"/>
    <property name="java.runtime.version" value="1.6.0_45-b06-451-11M4406"/>
    <property name="java.awt.graphicsenv" value="apple.awt.CGraphicsEnvironment"/>
    <property name="basedir" value="/Users/mariusguede/xlseasy/xlseasy/xlseasy.impl"/>
    <property name="java.endorsed.dirs" value="/System/Library/Java/JavaVirtualMachines/1.6.0.jdk/Contents/Home/lib/endorsed"/>
    <property name="os.arch" value="x86_64"/>
    <property name="surefire.real.class.path" value="/Users/mariusguede/xlseasy/xlseasy/xlseasy.impl/target/surefire/surefirebooter977671302349927006.jar"/>
    <property name="java.io.tmpdir" value="/var/folders/zg/zdzp7cnn25jbf4s1ds3clfqh0000gn/T/"/>
    <property name="line.separator" value="
"/>
    <property name="java.vm.specification.vendor" value="Sun Microsystems Inc."/>
    <property name="os.name" value="Mac OS X"/>
    <property name="sun.jnu.encoding" value="MacRoman"/>
    <property name="java.library.path" value=".:/Library/Java/Extensions:/System/Library/Java/Extensions:/usr/lib/java"/>
    <property name="surefire.test.class.path" value="/Users/mariusguede/xlseasy/xlseasy/xlseasy.impl/target/test-classes:/Users/mariusguede/xlseasy/xlseasy/xlseasy.impl/target/classes:/Users/mariusguede/.m2/repository/org/apache/poi/poi/3.6/poi-3.6.jar:/Users/mariusguede/.m2/repository/commons-logging/commons-logging/1.1/commons-logging-1.1.jar:/Users/mariusguede/.m2/repository/logkit/logkit/1.0.1/logkit-1.0.1.jar:/Users/mariusguede/.m2/repository/avalon-framework/avalon-framework/4.1.3/avalon-framework-4.1.3.jar:/Users/mariusguede/.m2/repository/javax/servlet/servlet-api/2.3/servlet-api-2.3.jar:/Users/mariusguede/.m2/repository/log4j/log4j/1.2.13/log4j-1.2.13.jar:/Users/mariusguede/xlseasy/xlseasy/xlseasy.api/target/xlseasy.api-1.3-CR6-SNAPSHOT.jar:/Users/mariusguede/.m2/repository/commons-beanutils/commons-beanutils/1.8.0/commons-beanutils-1.8.0.jar:/Users/mariusguede/.m2/repository/commons-lang/commons-lang/2.4/commons-lang-2.4.jar:/Users/mariusguede/.m2/repository/junit/junit/4.4/junit-4.4.jar:"/>
    <property name="java.specification.name" value="Java Platform API Specification"/>
    <property name="java.class.version" value="50.0"/>
    <property name="sun.management.compiler" value="HotSpot 64-Bit Tiered Compilers"/>
    <property name="os.version" value="10.8.3"/>
    <property name="http.nonProxyHosts" value="local|*.local|169.254/16|*.169.254/16"/>
    <property name="user.home" value="/Users/mariusguede"/>
    <property name="user.timezone" value="Europe/Berlin"/>
    <property name="java.awt.printerjob" value="apple.awt.CPrinterJob"/>
    <property name="java.specification.version" value="1.6"/>
    <property name="file.encoding" value="MacRoman"/>
    <property name="user.name" value="mariusguede"/>
    <property name="java.class.path" value="/Users/mariusguede/xlseasy/xlseasy/xlseasy.impl/target/test-classes:/Users/mariusguede/xlseasy/xlseasy/xlseasy.impl/target/classes:/Users/mariusguede/.m2/repository/org/apache/poi/poi/3.6/poi-3.6.jar:/Users/mariusguede/.m2/repository/commons-logging/commons-logging/1.1/commons-logging-1.1.jar:/Users/mariusguede/.m2/repository/logkit/logkit/1.0.1/logkit-1.0.1.jar:/Users/mariusguede/.m2/repository/avalon-framework/avalon-framework/4.1.3/avalon-framework-4.1.3.jar:/Users/mariusguede/.m2/repository/javax/servlet/servlet-api/2.3/servlet-api-2.3.jar:/Users/mariusguede/.m2/repository/log4j/log4j/1.2.13/log4j-1.2.13.jar:/Users/mariusguede/xlseasy/xlseasy/xlseasy.api/target/xlseasy.api-1.3-CR6-SNAPSHOT.jar:/Users/mariusguede/.m2/repository/commons-beanutils/commons-beanutils/1.8.0/commons-beanutils-1.8.0.jar:/Users/mariusguede/.m2/repository/commons-lang/commons-lang/2.4/commons-lang-2.4.jar:/Users/mariusguede/.m2/repository/junit/junit/4.4/junit-4.4.jar:"/>
    <property name="java.vm.specification.version" value="1.0"/>
    <property name="sun.arch.data.model" value="64"/>
    <property name="java.home" value="/System/Library/Java/JavaVirtualMachines/1.6.0.jdk/Contents/Home"/>
    <property name="sun.java.command" value="/Users/mariusguede/xlseasy/xlseasy/xlseasy.impl/target/surefire/surefirebooter977671302349927006.jar /Users/mariusguede/xlseasy/xlseasy/xlseasy.impl/target/surefire/surefire4896238872322188985tmp /Users/mariusguede/xlseasy/xlseasy/xlseasy.impl/target/surefire/surefire4865524547433755686tmp"/>
    <property name="java.specification.vendor" value="Sun Microsystems Inc."/>
    <property name="user.language" value="en"/>
    <property name="awt.toolkit" value="apple.awt.CToolkit"/>
    <property name="java.vm.info" value="mixed mode"/>
    <property name="java.version" value="1.6.0_45"/>
    <property name="java.ext.dirs" value="/Library/Java/Extensions:/System/Library/Java/Extensions:/System/Library/Java/JavaVirtualMachines/1.6.0.jdk/Contents/Home/lib/ext"/>
    <property name="sun.boot.class.path" value="/System/Library/Java/JavaVirtualMachines/1.6.0.jdk/Contents/Classes/jsfd.jar:/System/Library/Java/JavaVirtualMachines/1.6.0.jdk/Contents/Classes/classes.jar:/System/Library/Frameworks/JavaVM.framework/Frameworks/JavaRuntimeSupport.framework/Resources/Java/JavaRuntimeSupport.jar:/System/Library/Java/JavaVirtualMachines/1.6.0.jdk/Contents/Classes/ui.jar:/System/Library/Java/JavaVirtualMachines/1.6.0.jdk/Contents/Classes/laf.jar:/System/Library/Java/JavaVirtualMachines/1.6.0.jdk/Contents/Classes/sunrsasign.jar:/System/Library/Java/JavaVirtualMachines/1.6.0.jdk/Contents/Classes/jsse.jar:/System/Library/Java/JavaVirtualMachines/1.6.0.jdk/Contents/Classes/jce.jar:/System/Library/Java/JavaVirtualMachines/1.6.0.jdk/Contents/Classes/charsets.jar"/>
    <property name="java.vendor" value="Apple Inc."/>
    <property name="localRepository" value="/Users/mariusguede/.m2/repository"/>
    <property name="file.separator" value="/"/>
    <property name="java.vendor.url.bug" value="http://bugreport.apple.com/"/>
    <property name="sun.cpu.endian" value="little"/>
    <property name="sun.io.unicode.encoding" value="UnicodeLittle"/>
    <property name="mrj.version" value="1070.1.6.0_45-451"/>
    <property name="socksNonProxyHosts" value="local|*.local|169.254/16|*.169.254/16"/>
    <property name="ftp.nonProxyHosts" value="local|*.local|169.254/16|*.169.254/16"/>
    <property name="sun.cpu.isalist" value=""/>
  </properties>
  <testcase time="0.365" classname="org.adorsys.saturn.spreadsheet.test.SpreadsheetServiceImplTest" name="testLoadSpreadsheet"/>
  <testcase time="1.307" classname="org.adorsys.saturn.spreadsheet.test.SpreadsheetServiceImplTest" name="testSaveSpreadsheet">
    <error message="Unknown margin constant:  4" type="java.lang.IllegalArgumentException">java.lang.IllegalArgumentException: Unknown margin constant:  4
	at org.apache.poi.hssf.record.aggregates.PageSettingsBlock.getMarginRec(PageSettingsBlock.java:417)
	at org.apache.poi.hssf.record.aggregates.PageSettingsBlock.setMargin(PageSettingsBlock.java:446)
	at org.apache.poi.hssf.usermodel.HSSFSheet.setMargin(HSSFSheet.java:986)
	at org.adorsys.xlseasy.impl.proc.SheetDesc.createHeader(SheetDesc.java:286)
	at org.adorsys.xlseasy.impl.proc.SheetDesc.createSheet(SheetDesc.java:254)
	at org.adorsys.xlseasy.impl.proc.SheetSession.loadSheetData(SheetSession.java:113)
	at org.adorsys.xlseasy.impl.proc.SheetSession.load(SheetSession.java:101)
	at org.adorsys.xlseasy.impl.proc.SpreadsheetServiceImpl.saveSpreadsheet(SpreadsheetServiceImpl.java:45)
	at org.adorsys.saturn.spreadsheet.test.SpreadsheetServiceImplTest.testSaveSpreadsheet(SpreadsheetServiceImplTest.java:99)
	at sun.reflect.NativeMethodAccessorImpl.invoke0(Native Method)
	at sun.reflect.NativeMethodAccessorImpl.invoke(NativeMethodAccessorImpl.java:39)
	at sun.reflect.DelegatingMethodAccessorImpl.invoke(DelegatingMethodAccessorImpl.java:25)
	at java.lang.reflect.Method.invoke(Method.java:597)
	at org.junit.internal.runners.TestMethod.invoke(TestMethod.java:59)
	at org.junit.internal.runners.MethodRoadie.runTestMethod(MethodRoadie.java:98)
	at org.junit.internal.runners.MethodRoadie$2.run(MethodRoadie.java:79)
	at org.junit.internal.runners.MethodRoadie.runBeforesThenTestThenAfters(MethodRoadie.java:87)
	at org.junit.internal.runners.MethodRoadie.runTest(MethodRoadie.java:77)
	at org.junit.internal.runners.MethodRoadie.run(MethodRoadie.java:42)
	at org.junit.internal.runners.JUnit4ClassRunner.invokeTestMethod(JUnit4ClassRunner.java:88)
	at org.junit.internal.runners.JUnit4ClassRunner.runMethods(JUnit4ClassRunner.java:51)
	at org.junit.internal.runners.JUnit4ClassRunner$1.run(JUnit4ClassRunner.java:44)
	at org.junit.internal.runners.ClassRoadie.runUnprotected(ClassRoadie.java:27)
	at org.junit.internal.runners.ClassRoadie.runProtected(ClassRoadie.java:37)
	at org.junit.internal.runners.JUnit4ClassRunner.run(JUnit4ClassRunner.java:42)
	at org.apache.maven.surefire.junit4.JUnit4TestSet.execute(JUnit4TestSet.java:35)
	at org.apache.maven.surefire.junit4.JUnit4Provider.executeTestSet(JUnit4Provider.java:115)
	at org.apache.maven.surefire.junit4.JUnit4Provider.invoke(JUnit4Provider.java:97)
	at sun.reflect.NativeMethodAccessorImpl.invoke0(Native Method)
	at sun.reflect.NativeMethodAccessorImpl.invoke(NativeMethodAccessorImpl.java:39)
	at sun.reflect.DelegatingMethodAccessorImpl.invoke(DelegatingMethodAccessorImpl.java:25)
	at java.lang.reflect.Method.invoke(Method.java:597)
	at org.apache.maven.surefire.booter.ProviderFactory$ClassLoaderProxy.invoke(ProviderFactory.java:103)
	at com.sun.proxy.$Proxy0.invoke(Unknown Source)
	at org.apache.maven.surefire.booter.SurefireStarter.invokeProvider(SurefireStarter.java:150)
	at org.apache.maven.surefire.booter.SurefireStarter.runSuitesInProcess(SurefireStarter.java:91)
	at org.apache.maven.surefire.booter.ForkedBooter.main(ForkedBooter.java:69)
</error>
  </testcase>
</testsuite>